This is pdfTeX, Version 3.14159265-2.6-1.40.18 (MiKTeX 2.9.6500 64-bit) (preloaded format=pdftex 2018.5.21)  11 JAN 2019 13:49
entering extended mode
**./cover.tex
(cover.tex
! I can't find file `{master_thesis_metadata.tex}'.
l.1 \input{master_thesis_metadata.tex}
                                      
Please type another input file name: q
("D:\software\Program Files\MiKTeX 2.9\tex\latex\tools\q.tex" File ignored
)
! Undefined control sequence.
l.4 \setup
          {coverpageonly}
The control sequence at the end of the top line
of your error message was never \def'ed. If you have
misspelled it (e.g., `\hobx'), type `I' and the correct
spelling (e.g., `I\hbox'). Otherwise just continue,
and I'll forget about whatever was undefined.

! Undefined control sequence.
l.6 \begin
          {document}
The control sequence at the end of the top line
of your error message was never \def'ed. If you have
misspelled it (e.g., `\hobx'), type `I' and the correct
spelling (e.g., `I\hbox'). Otherwise just continue,
and I'll forget about whatever was undefined.

[1{C:/Users/Tomas Fiers/AppData/Local/MiKTeX/2.9/pdftex/config/pdftex.map}] )<D
:/software/Program Files/MiKTeX 2.9/fonts/type1/public/amsfonts/cm/cmr10.pfb>
Output written on cover.pdf (1 page, 14001 bytes).
PDF statistics:
 10 PDF objects out of 1000 (max. 8388607)
 0 named destinations out of 1000 (max. 500000)
 1 words of extra memory for PDF output out of 10000 (max. 10000000)

